<?xml version="1.0" encoding="UTF-8"?>
<testng-results skipped="0" failed="0" ignored="0" total="1" passed="1">
  <reporter-output>
  </reporter-output>
  <suite name="Surefire suite" duration-ms="55" started-at="2021-04-08T15:57:08 IST" finished-at="2021-04-08T15:57:08 IST">
    <groups>
    </groups>
    <test name="Surefire test" duration-ms="55" started-at="2021-04-08T15:57:08 IST" finished-at="2021-04-08T15:57:08 IST">
      <class name="bdd.restAssured_apiFramework.AppTest">
        <test-method status="PASS" signature="shouldAnswerWithTrue()" name="shouldAnswerWithTrue" duration-ms="16" started-at="2021-04-08T15:57:08 IST" finished-at="2021-04-08T15:57:08 IST">
          <reporter-output>
          </reporter-output>
        </test-method> <!-- shouldAnswerWithTrue -->
      </class> <!-- bdd.restAssured_apiFramework.AppTest -->
    </test> <!-- Surefire test -->
  </suite> <!-- Surefire suite -->
</testng-results>
